/home/zhisheng/hm_env/lib/python3.10/site-packages/scipy/__init__.py:143: UserWarning: A NumPy version >=1.19.5 and <1.27.0 is required for this version of SciPy (detected version 2.2.6)
  warnings.warn(f"A NumPy version >={np_minversion} and <{np_maxversion}"
Traceback (most recent call last):
  File "/sw/pkgs/arc/python/3.10.4/lib/python3.10/runpy.py", line 196, in _run_module_as_main
    return _run_code(code, main_globals, None,
  File "/sw/pkgs/arc/python/3.10.4/lib/python3.10/runpy.py", line 86, in _run_code
    exec(code, run_globals)
  File "/home/zhisheng/stats507/zero_shot/run_qwenvl.py", line 13, in <module>
    from transformers import AutoProcessor, AutoModelForCausalLM
  File "/home/zhisheng/hm_env/lib/python3.10/site-packages/transformers/utils/import_utils.py", line 1942, in __getattr__
    module = self._get_module(self._class_to_module[name])
  File "/home/zhisheng/hm_env/lib/python3.10/site-packages/transformers/utils/import_utils.py", line 2132, in _get_module
    raise e
  File "/home/zhisheng/hm_env/lib/python3.10/site-packages/transformers/utils/import_utils.py", line 2130, in _get_module
    return importlib.import_module("." + module_name, self.__name__)
  File "/sw/pkgs/arc/python/3.10.4/lib/python3.10/importlib/__init__.py", line 126, in import_module
    return _bootstrap._gcd_import(name[level:], package, level)
  File "/home/zhisheng/hm_env/lib/python3.10/site-packages/transformers/models/auto/processing_auto.py", line 26, in <module>
    from ...image_processing_utils import ImageProcessingMixin
  File "/home/zhisheng/hm_env/lib/python3.10/site-packages/transformers/image_processing_utils.py", line 24, in <module>
    from .processing_utils import ImagesKwargs, Unpack
  File "/home/zhisheng/hm_env/lib/python3.10/site-packages/transformers/processing_utils.py", line 80, in <module>
    from .modeling_utils import PreTrainedAudioTokenizerBase
  File "/home/zhisheng/hm_env/lib/python3.10/site-packages/transformers/modeling_utils.py", line 87, in <module>
    from .loss.loss_utils import LOSS_MAPPING
  File "/home/zhisheng/hm_env/lib/python3.10/site-packages/transformers/loss/loss_utils.py", line 20, in <module>
    from .loss_d_fine import DFineForObjectDetectionLoss
  File "/home/zhisheng/hm_env/lib/python3.10/site-packages/transformers/loss/loss_d_fine.py", line 21, in <module>
    from .loss_for_object_detection import box_iou
  File "/home/zhisheng/hm_env/lib/python3.10/site-packages/transformers/loss/loss_for_object_detection.py", line 27, in <module>
    from scipy.optimize import linear_sum_assignment
  File "/home/zhisheng/hm_env/lib/python3.10/site-packages/scipy/optimize/__init__.py", line 404, in <module>
    from ._optimize import *
  File "/home/zhisheng/hm_env/lib/python3.10/site-packages/scipy/optimize/_optimize.py", line 30, in <module>
    from numpy import (atleast_1d, eye, argmin, zeros, shape, squeeze,
ImportError: cannot import name 'Inf' from 'numpy' (/home/zhisheng/hm_env/lib/python3.10/site-packages/numpy/__init__.py)
