==========================================
开始批量下载 Hateful Memes 图片
==========================================
任务开始时间: Thu Nov 27 23:41:00 EST 2025

======================================================================
批量下载 Hateful Memes 图片
======================================================================
缓存目录: /scratch/stats507f25s001_class_root/stats507f25s001_class/zhisheng/hf_cache

获取图片列表...
总计需要尝试: 1000 张图片

开始下载（使用 20 个线程）...
======================================================================
进度: 100/1000 (10.0%) | 成功:100 跳过:0 失败:0 | 速度:36.5张/秒 | ETA:0.4分钟
进度: 200/1000 (20.0%) | 成功:200 跳过:0 失败:0 | 速度:42.1张/秒 | ETA:0.3分钟
进度: 300/1000 (30.0%) | 成功:300 跳过:0 失败:0 | 速度:44.7张/秒 | ETA:0.3分钟
进度: 400/1000 (40.0%) | 成功:400 跳过:0 失败:0 | 速度:46.2张/秒 | ETA:0.2分钟
进度: 500/1000 (50.0%) | 成功:500 跳过:0 失败:0 | 速度:47.3张/秒 | ETA:0.2分钟
进度: 600/1000 (60.0%) | 成功:600 跳过:0 失败:0 | 速度:48.3张/秒 | ETA:0.1分钟
进度: 700/1000 (70.0%) | 成功:700 跳过:0 失败:0 | 速度:48.9张/秒 | ETA:0.1分钟
进度: 800/1000 (80.0%) | 成功:800 跳过:0 失败:0 | 速度:49.6张/秒 | ETA:0.1分钟
进度: 900/1000 (90.0%) | 成功:900 跳过:0 失败:0 | 速度:50.3张/秒 | ETA:0.0分钟
进度: 1000/1000 (100.0%) | 成功:1000 跳过:0 失败:0 | 速度:50.3张/秒 | ETA:0.0分钟

======================================================================
下载完成！
======================================================================
总计尝试: 1000
✓ 成功下载: 1000
⊙ 已存在跳过: 0
✗ 下载失败: 0
用时: 0.3 分钟
图片保存位置: /scratch/stats507f25s001_class_root/stats507f25s001_class/zhisheng/hf_cache/hateful_memes_images/
======================================================================

==========================================
任务结束时间: Thu Nov 27 23:41:20 EST 2025
退出代码: 0
==========================================
