==========================================
开始批量下载 Hateful Memes 图片
==========================================
任务开始时间: Thu Nov 27 23:42:01 EST 2025

======================================================================
批量下载 Hateful Memes 图片
======================================================================
缓存目录: /scratch/stats507f25s001_class_root/stats507f25s001_class/zhisheng/hf_cache

生成图片列表...
将尝试下载 ID 范围 00000-19999 的图片
总计需要尝试: 20000 张图片

开始下载（使用 20 个线程）...
======================================================================
进度: 100/20000 (0.5%) | 成功:0 跳过:0 失败:100 | 速度:46.2张/秒 | ETA:7.2分钟
进度: 200/20000 (1.0%) | 成功:0 跳过:0 失败:200 | 速度:51.2张/秒 | ETA:6.4分钟
进度: 300/20000 (1.5%) | 成功:0 跳过:0 失败:300 | 速度:52.3张/秒 | ETA:6.3分钟
进度: 400/20000 (2.0%) | 成功:0 跳过:0 失败:400 | 速度:54.3张/秒 | ETA:6.0分钟
进度: 500/20000 (2.5%) | 成功:0 跳过:0 失败:500 | 速度:54.8张/秒 | ETA:5.9分钟
进度: 600/20000 (3.0%) | 成功:0 跳过:0 失败:600 | 速度:55.2张/秒 | ETA:5.9分钟
进度: 700/20000 (3.5%) | 成功:0 跳过:0 失败:700 | 速度:55.7张/秒 | ETA:5.8分钟
进度: 800/20000 (4.0%) | 成功:0 跳过:0 失败:800 | 速度:56.3张/秒 | ETA:5.7分钟
进度: 900/20000 (4.5%) | 成功:0 跳过:0 失败:900 | 速度:56.4张/秒 | ETA:5.6分钟
进度: 1000/20000 (5.0%) | 成功:0 跳过:0 失败:1000 | 速度:56.5张/秒 | ETA:5.6分钟
进度: 1100/20000 (5.5%) | 成功:0 跳过:0 失败:1100 | 速度:56.9张/秒 | ETA:5.5分钟
进度: 1200/20000 (6.0%) | 成功:0 跳过:0 失败:1200 | 速度:57.0张/秒 | ETA:5.5分钟
进度: 1300/20000 (6.5%) | 成功:0 跳过:14 失败:1286 | 速度:57.8张/秒 | ETA:5.4分钟
进度: 1400/20000 (7.0%) | 成功:0 跳过:22 失败:1378 | 速度:58.1张/秒 | ETA:5.3分钟
进度: 1500/20000 (7.5%) | 成功:0 跳过:36 失败:1464 | 速度:58.7张/秒 | ETA:5.3分钟
进度: 1600/20000 (8.0%) | 成功:0 跳过:46 失败:1554 | 速度:59.2张/秒 | ETA:5.2分钟
进度: 1700/20000 (8.5%) | 成功:0 跳过:56 失败:1644 | 速度:59.4张/秒 | ETA:5.1分钟
进度: 1800/20000 (9.0%) | 成功:0 跳过:71 失败:1729 | 速度:59.9张/秒 | ETA:5.1分钟
进度: 1900/20000 (9.5%) | 成功:0 跳过:86 失败:1814 | 速度:60.3张/秒 | ETA:5.0分钟
进度: 2000/20000 (10.0%) | 成功:0 跳过:100 失败:1900 | 速度:60.5张/秒 | ETA:5.0分钟
进度: 2100/20000 (10.5%) | 成功:0 跳过:100 失败:2000 | 速度:60.3张/秒 | ETA:4.9分钟
进度: 2200/20000 (11.0%) | 成功:0 跳过:112 失败:2088 | 速度:60.7张/秒 | ETA:4.9分钟
进度: 2300/20000 (11.5%) | 成功:0 跳过:115 失败:2185 | 速度:60.8张/秒 | ETA:4.9分钟
进度: 2400/20000 (12.0%) | 成功:0 跳过:127 失败:2273 | 速度:61.1张/秒 | ETA:4.8分钟
进度: 2500/20000 (12.5%) | 成功:0 跳过:146 失败:2354 | 速度:61.5张/秒 | ETA:4.7分钟
进度: 2600/20000 (13.0%) | 成功:0 跳过:161 失败:2439 | 速度:61.8张/秒 | ETA:4.7分钟
进度: 2700/20000 (13.5%) | 成功:0 跳过:174 失败:2526 | 速度:62.1张/秒 | ETA:4.6分钟
进度: 2800/20000 (14.0%) | 成功:0 跳过:186 失败:2614 | 速度:62.3张/秒 | ETA:4.6分钟
进度: 2900/20000 (14.5%) | 成功:0 跳过:200 失败:2700 | 速度:62.5张/秒 | ETA:4.6分钟
进度: 3000/20000 (15.0%) | 成功:0 跳过:219 失败:2781 | 速度:62.8张/秒 | ETA:4.5分钟
进度: 3100/20000 (15.5%) | 成功:0 跳过:219 失败:2881 | 速度:62.7张/秒 | ETA:4.5分钟
进度: 3200/20000 (16.0%) | 成功:0 跳过:234 失败:2966 | 速度:62.9张/秒 | ETA:4.5分钟
进度: 3300/20000 (16.5%) | 成功:0 跳过:249 失败:3051 | 速度:63.1张/秒 | ETA:4.4分钟
进度: 3400/20000 (17.0%) | 成功:0 跳过:249 失败:3151 | 速度:63.0张/秒 | ETA:4.4分钟
进度: 3500/20000 (17.5%) | 成功:0 跳过:254 失败:3246 | 速度:63.0张/秒 | ETA:4.4分钟
进度: 3600/20000 (18.0%) | 成功:0 跳过:268 失败:3332 | 速度:63.2张/秒 | ETA:4.3分钟
进度: 3700/20000 (18.5%) | 成功:0 跳过:276 失败:3424 | 速度:63.2张/秒 | ETA:4.3分钟
进度: 3800/20000 (19.0%) | 成功:0 跳过:285 失败:3515 | 速度:63.1张/秒 | ETA:4.3分钟
进度: 3900/20000 (19.5%) | 成功:0 跳过:299 失败:3601 | 速度:63.2张/秒 | ETA:4.2分钟
进度: 4000/20000 (20.0%) | 成功:0 跳过:312 失败:3688 | 速度:63.4张/秒 | ETA:4.2分钟
进度: 4100/20000 (20.5%) | 成功:0 跳过:312 失败:3788 | 速度:63.2张/秒 | ETA:4.2分钟
进度: 4200/20000 (21.0%) | 成功:0 跳过:329 失败:3871 | 速度:63.4张/秒 | ETA:4.2分钟
进度: 4300/20000 (21.5%) | 成功:0 跳过:343 失败:3957 | 速度:63.5张/秒 | ETA:4.1分钟
进度: 4400/20000 (22.0%) | 成功:0 跳过:354 失败:4046 | 速度:63.6张/秒 | ETA:4.1分钟
进度: 4500/20000 (22.5%) | 成功:0 跳过:354 失败:4146 | 速度:63.5张/秒 | ETA:4.1分钟
进度: 4600/20000 (23.0%) | 成功:0 跳过:362 失败:4238 | 速度:63.5张/秒 | ETA:4.0分钟
进度: 4700/20000 (23.5%) | 成功:0 跳过:374 失败:4326 | 速度:63.5张/秒 | ETA:4.0分钟
进度: 4800/20000 (24.0%) | 成功:0 跳过:387 失败:4413 | 速度:63.6张/秒 | ETA:4.0分钟
进度: 4900/20000 (24.5%) | 成功:0 跳过:402 失败:4498 | 速度:63.7张/秒 | ETA:3.9分钟
进度: 5000/20000 (25.0%) | 成功:0 跳过:414 失败:4586 | 速度:63.9张/秒 | ETA:3.9分钟
进度: 5100/20000 (25.5%) | 成功:0 跳过:414 失败:4686 | 速度:63.7张/秒 | ETA:3.9分钟
进度: 5200/20000 (26.0%) | 成功:0 跳过:428 失败:4772 | 速度:63.7张/秒 | ETA:3.9分钟
进度: 5300/20000 (26.5%) | 成功:0 跳过:439 失败:4861 | 速度:63.7张/秒 | ETA:3.8分钟
进度: 5400/20000 (27.0%) | 成功:0 跳过:447 失败:4953 | 速度:63.8张/秒 | ETA:3.8分钟
进度: 5500/20000 (27.5%) | 成功:0 跳过:458 失败:5042 | 速度:63.8张/秒 | ETA:3.8分钟
进度: 5600/20000 (28.0%) | 成功:0 跳过:461 失败:5139 | 速度:63.7张/秒 | ETA:3.8分钟
进度: 5700/20000 (28.5%) | 成功:0 跳过:468 失败:5232 | 速度:63.7张/秒 | ETA:3.7分钟
进度: 5800/20000 (29.0%) | 成功:0 跳过:483 失败:5317 | 速度:63.8张/秒 | ETA:3.7分钟
进度: 5900/20000 (29.5%) | 成功:0 跳过:496 失败:5404 | 速度:63.9张/秒 | ETA:3.7分钟
进度: 6000/20000 (30.0%) | 成功:0 跳过:513 失败:5487 | 速度:64.0张/秒 | ETA:3.6分钟
进度: 6100/20000 (30.5%) | 成功:0 跳过:513 失败:5587 | 速度:63.9张/秒 | ETA:3.6分钟
进度: 6200/20000 (31.0%) | 成功:0 跳过:526 失败:5674 | 速度:63.9张/秒 | ETA:3.6分钟
进度: 6300/20000 (31.5%) | 成功:0 跳过:538 失败:5762 | 速度:63.9张/秒 | ETA:3.6分钟
进度: 6400/20000 (32.0%) | 成功:0 跳过:548 失败:5852 | 速度:64.0张/秒 | ETA:3.5分钟
进度: 6500/20000 (32.5%) | 成功:0 跳过:561 失败:5939 | 速度:64.0张/秒 | ETA:3.5分钟
进度: 6600/20000 (33.0%) | 成功:0 跳过:573 失败:6027 | 速度:64.1张/秒 | ETA:3.5分钟
进度: 6700/20000 (33.5%) | 成功:0 跳过:576 失败:6124 | 速度:64.0张/秒 | ETA:3.5分钟
进度: 6800/20000 (34.0%) | 成功:0 跳过:586 失败:6214 | 速度:64.1张/秒 | ETA:3.4分钟
进度: 6900/20000 (34.5%) | 成功:0 跳过:604 失败:6296 | 速度:64.2张/秒 | ETA:3.4分钟
进度: 7000/20000 (35.0%) | 成功:0 跳过:615 失败:6385 | 速度:64.2张/秒 | ETA:3.4分钟
进度: 7100/20000 (35.5%) | 成功:0 跳过:615 失败:6485 | 速度:64.1张/秒 | ETA:3.4分钟
进度: 7200/20000 (36.0%) | 成功:0 跳过:627 失败:6573 | 速度:64.1张/秒 | ETA:3.3分钟
进度: 7300/20000 (36.5%) | 成功:0 跳过:643 失败:6657 | 速度:64.2张/秒 | ETA:3.3分钟
进度: 7400/20000 (37.0%) | 成功:0 跳过:655 失败:6745 | 速度:64.3张/秒 | ETA:3.3分钟
进度: 7500/20000 (37.5%) | 成功:0 跳过:670 失败:6830 | 速度:64.3张/秒 | ETA:3.2分钟
进度: 7600/20000 (38.0%) | 成功:0 跳过:682 失败:6918 | 速度:64.4张/秒 | ETA:3.2分钟
进度: 7700/20000 (38.5%) | 成功:0 跳过:694 失败:7006 | 速度:64.4张/秒 | ETA:3.2分钟
进度: 7800/20000 (39.0%) | 成功:0 跳过:695 失败:7105 | 速度:64.4张/秒 | ETA:3.2分钟
进度: 7900/20000 (39.5%) | 成功:0 跳过:711 失败:7189 | 速度:64.4张/秒 | ETA:3.1分钟
进度: 8000/20000 (40.0%) | 成功:0 跳过:720 失败:7280 | 速度:64.4张/秒 | ETA:3.1分钟
进度: 8100/20000 (40.5%) | 成功:0 跳过:720 失败:7380 | 速度:64.4张/秒 | ETA:3.1分钟
进度: 8200/20000 (41.0%) | 成功:0 跳过:738 失败:7462 | 速度:64.4张/秒 | ETA:3.1分钟
进度: 8300/20000 (41.5%) | 成功:3 跳过:753 失败:7544 | 速度:64.4张/秒 | ETA:3.0分钟
进度: 8400/20000 (42.0%) | 成功:5 跳过:765 失败:7630 | 速度:64.4张/秒 | ETA:3.0分钟
进度: 8500/20000 (42.5%) | 成功:11 跳过:776 失败:7713 | 速度:64.4张/秒 | ETA:3.0分钟
进度: 8600/20000 (43.0%) | 成功:13 跳过:794 失败:7793 | 速度:64.4张/秒 | ETA:2.9分钟
进度: 8700/20000 (43.5%) | 成功:15 跳过:814 失败:7871 | 速度:64.5张/秒 | ETA:2.9分钟
进度: 8800/20000 (44.0%) | 成功:17 跳过:825 失败:7958 | 速度:64.5张/秒 | ETA:2.9分钟
进度: 8900/20000 (44.5%) | 成功:18 跳过:828 失败:8054 | 速度:64.5张/秒 | ETA:2.9分钟
进度: 9000/20000 (45.0%) | 成功:18 跳过:839 失败:8143 | 速度:64.5张/秒 | ETA:2.8分钟
进度: 9100/20000 (45.5%) | 成功:18 跳过:839 失败:8243 | 速度:64.4张/秒 | ETA:2.8分钟
进度: 9200/20000 (46.0%) | 成功:20 跳过:855 失败:8325 | 速度:64.5张/秒 | ETA:2.8分钟
进度: 9300/20000 (46.5%) | 成功:24 跳过:874 失败:8402 | 速度:64.5张/秒 | ETA:2.8分钟
进度: 9400/20000 (47.0%) | 成功:25 跳过:890 失败:8485 | 速度:64.5张/秒 | ETA:2.7分钟
进度: 9500/20000 (47.5%) | 成功:27 跳过:904 失败:8569 | 速度:64.5张/秒 | ETA:2.7分钟
进度: 9600/20000 (48.0%) | 成功:31 跳过:915 失败:8654 | 速度:64.5张/秒 | ETA:2.7分钟
进度: 9700/20000 (48.5%) | 成功:35 跳过:929 失败:8736 | 速度:64.6张/秒 | ETA:2.7分钟
进度: 9800/20000 (49.0%) | 成功:37 跳过:938 失败:8825 | 速度:64.5张/秒 | ETA:2.6分钟
进度: 9900/20000 (49.5%) | 成功:38 跳过:952 失败:8910 | 速度:64.5张/秒 | ETA:2.6分钟
进度: 10000/20000 (50.0%) | 成功:38 跳过:952 失败:9010 | 速度:64.4张/秒 | ETA:2.6分钟
进度: 10100/20000 (50.5%) | 成功:38 跳过:952 失败:9110 | 速度:64.4张/秒 | ETA:2.6分钟
进度: 10200/20000 (51.0%) | 成功:38 跳过:952 失败:9210 | 速度:64.3张/秒 | ETA:2.5分钟
进度: 10300/20000 (51.5%) | 成功:38 跳过:963 失败:9299 | 速度:64.3张/秒 | ETA:2.5分钟
进度: 10400/20000 (52.0%) | 成功:38 跳过:975 失败:9387 | 速度:64.3张/秒 | ETA:2.5分钟
进度: 10500/20000 (52.5%) | 成功:38 跳过:989 失败:9473 | 速度:64.4张/秒 | ETA:2.5分钟
进度: 10600/20000 (53.0%) | 成功:38 跳过:1000 失败:9562 | 速度:64.4张/秒 | ETA:2.4分钟
进度: 10700/20000 (53.5%) | 成功:38 跳过:1000 失败:9662 | 速度:64.3张/秒 | ETA:2.4分钟
进度: 10800/20000 (54.0%) | 成功:38 跳过:1000 失败:9762 | 速度:64.3张/秒 | ETA:2.4分钟
进度: 10900/20000 (54.5%) | 成功:38 跳过:1000 失败:9862 | 速度:64.3张/秒 | ETA:2.4分钟
进度: 11000/20000 (55.0%) | 成功:38 跳过:1000 失败:9962 | 速度:64.2张/秒 | ETA:2.3分钟
进度: 11100/20000 (55.5%) | 成功:38 跳过:1000 失败:10062 | 速度:64.2张/秒 | ETA:2.3分钟
进度: 11200/20000 (56.0%) | 成功:38 跳过:1000 失败:10162 | 速度:64.1张/秒 | ETA:2.3分钟
进度: 11300/20000 (56.5%) | 成功:38 跳过:1000 失败:10262 | 速度:64.0张/秒 | ETA:2.3分钟
进度: 11400/20000 (57.0%) | 成功:38 跳过:1000 失败:10362 | 速度:64.0张/秒 | ETA:2.2分钟
进度: 11500/20000 (57.5%) | 成功:38 跳过:1000 失败:10462 | 速度:63.9张/秒 | ETA:2.2分钟
进度: 11600/20000 (58.0%) | 成功:38 跳过:1000 失败:10562 | 速度:63.8张/秒 | ETA:2.2分钟
进度: 11700/20000 (58.5%) | 成功:38 跳过:1000 失败:10662 | 速度:63.8张/秒 | ETA:2.2分钟
进度: 11800/20000 (59.0%) | 成功:38 跳过:1000 失败:10762 | 速度:63.8张/秒 | ETA:2.1分钟
进度: 11900/20000 (59.5%) | 成功:38 跳过:1000 失败:10862 | 速度:63.7张/秒 | ETA:2.1分钟
进度: 12000/20000 (60.0%) | 成功:38 跳过:1000 失败:10962 | 速度:63.7张/秒 | ETA:2.1分钟
进度: 12100/20000 (60.5%) | 成功:38 跳过:1000 失败:11062 | 速度:63.6张/秒 | ETA:2.1分钟
进度: 12200/20000 (61.0%) | 成功:38 跳过:1000 失败:11162 | 速度:63.6张/秒 | ETA:2.0分钟
进度: 12300/20000 (61.5%) | 成功:38 跳过:1000 失败:11262 | 速度:63.5张/秒 | ETA:2.0分钟
进度: 12400/20000 (62.0%) | 成功:38 跳过:1000 失败:11362 | 速度:63.5张/秒 | ETA:2.0分钟
进度: 12500/20000 (62.5%) | 成功:38 跳过:1000 失败:11462 | 速度:63.4张/秒 | ETA:2.0分钟
进度: 12600/20000 (63.0%) | 成功:38 跳过:1000 失败:11562 | 速度:63.4张/秒 | ETA:1.9分钟
进度: 12700/20000 (63.5%) | 成功:38 跳过:1000 失败:11662 | 速度:63.4张/秒 | ETA:1.9分钟
进度: 12800/20000 (64.0%) | 成功:38 跳过:1000 失败:11762 | 速度:63.3张/秒 | ETA:1.9分钟
进度: 12900/20000 (64.5%) | 成功:38 跳过:1000 失败:11862 | 速度:63.3张/秒 | ETA:1.9分钟
进度: 13000/20000 (65.0%) | 成功:38 跳过:1000 失败:11962 | 速度:63.3张/秒 | ETA:1.8分钟
进度: 13100/20000 (65.5%) | 成功:38 跳过:1000 失败:12062 | 速度:63.2张/秒 | ETA:1.8分钟
进度: 13200/20000 (66.0%) | 成功:38 跳过:1000 失败:12162 | 速度:63.2张/秒 | ETA:1.8分钟
进度: 13300/20000 (66.5%) | 成功:38 跳过:1000 失败:12262 | 速度:63.1张/秒 | ETA:1.8分钟
进度: 13400/20000 (67.0%) | 成功:38 跳过:1000 失败:12362 | 速度:63.1张/秒 | ETA:1.7分钟
进度: 13500/20000 (67.5%) | 成功:38 跳过:1000 失败:12462 | 速度:63.0张/秒 | ETA:1.7分钟
进度: 13600/20000 (68.0%) | 成功:38 跳过:1000 失败:12562 | 速度:63.0张/秒 | ETA:1.7分钟
进度: 13700/20000 (68.5%) | 成功:38 跳过:1000 失败:12662 | 速度:63.0张/秒 | ETA:1.7分钟
进度: 13800/20000 (69.0%) | 成功:38 跳过:1000 失败:12762 | 速度:62.9张/秒 | ETA:1.6分钟
进度: 13900/20000 (69.5%) | 成功:38 跳过:1000 失败:12862 | 速度:62.9张/秒 | ETA:1.6分钟
进度: 14000/20000 (70.0%) | 成功:38 跳过:1000 失败:12962 | 速度:62.9张/秒 | ETA:1.6分钟
进度: 14100/20000 (70.5%) | 成功:38 跳过:1000 失败:13062 | 速度:62.9张/秒 | ETA:1.6分钟
进度: 14200/20000 (71.0%) | 成功:38 跳过:1000 失败:13162 | 速度:62.8张/秒 | ETA:1.5分钟
进度: 14300/20000 (71.5%) | 成功:38 跳过:1000 失败:13262 | 速度:62.8张/秒 | ETA:1.5分钟
进度: 14400/20000 (72.0%) | 成功:38 跳过:1000 失败:13362 | 速度:62.8张/秒 | ETA:1.5分钟
进度: 14500/20000 (72.5%) | 成功:38 跳过:1000 失败:13462 | 速度:62.7张/秒 | ETA:1.5分钟
进度: 14600/20000 (73.0%) | 成功:38 跳过:1000 失败:13562 | 速度:62.7张/秒 | ETA:1.4分钟
进度: 14700/20000 (73.5%) | 成功:38 跳过:1000 失败:13662 | 速度:62.7张/秒 | ETA:1.4分钟
进度: 14800/20000 (74.0%) | 成功:38 跳过:1000 失败:13762 | 速度:62.7张/秒 | ETA:1.4分钟
进度: 14900/20000 (74.5%) | 成功:38 跳过:1000 失败:13862 | 速度:62.6张/秒 | ETA:1.4分钟
进度: 15000/20000 (75.0%) | 成功:38 跳过:1000 失败:13962 | 速度:62.6张/秒 | ETA:1.3分钟
进度: 15100/20000 (75.5%) | 成功:38 跳过:1000 失败:14062 | 速度:62.6张/秒 | ETA:1.3分钟
进度: 15200/20000 (76.0%) | 成功:38 跳过:1000 失败:14162 | 速度:62.6张/秒 | ETA:1.3分钟
进度: 15300/20000 (76.5%) | 成功:38 跳过:1000 失败:14262 | 速度:62.6张/秒 | ETA:1.3分钟
进度: 15400/20000 (77.0%) | 成功:38 跳过:1000 失败:14362 | 速度:62.5张/秒 | ETA:1.2分钟
进度: 15500/20000 (77.5%) | 成功:38 跳过:1000 失败:14462 | 速度:62.5张/秒 | ETA:1.2分钟
进度: 15600/20000 (78.0%) | 成功:38 跳过:1000 失败:14562 | 速度:62.5张/秒 | ETA:1.2分钟
进度: 15700/20000 (78.5%) | 成功:38 跳过:1000 失败:14662 | 速度:62.5张/秒 | ETA:1.1分钟
进度: 15800/20000 (79.0%) | 成功:38 跳过:1000 失败:14762 | 速度:62.5张/秒 | ETA:1.1分钟
进度: 15900/20000 (79.5%) | 成功:38 跳过:1000 失败:14862 | 速度:62.5张/秒 | ETA:1.1分钟
进度: 16000/20000 (80.0%) | 成功:38 跳过:1000 失败:14962 | 速度:62.4张/秒 | ETA:1.1分钟
进度: 16100/20000 (80.5%) | 成功:38 跳过:1000 失败:15062 | 速度:62.4张/秒 | ETA:1.0分钟
进度: 16200/20000 (81.0%) | 成功:38 跳过:1000 失败:15162 | 速度:62.4张/秒 | ETA:1.0分钟
进度: 16300/20000 (81.5%) | 成功:38 跳过:1000 失败:15262 | 速度:62.4张/秒 | ETA:1.0分钟
进度: 16400/20000 (82.0%) | 成功:38 跳过:1000 失败:15362 | 速度:62.3张/秒 | ETA:1.0分钟
进度: 16500/20000 (82.5%) | 成功:38 跳过:1000 失败:15462 | 速度:62.3张/秒 | ETA:0.9分钟
进度: 16600/20000 (83.0%) | 成功:38 跳过:1000 失败:15562 | 速度:62.3张/秒 | ETA:0.9分钟
进度: 16700/20000 (83.5%) | 成功:38 跳过:1000 失败:15662 | 速度:62.3张/秒 | ETA:0.9分钟
进度: 16800/20000 (84.0%) | 成功:38 跳过:1000 失败:15762 | 速度:62.3张/秒 | ETA:0.9分钟
进度: 16900/20000 (84.5%) | 成功:38 跳过:1000 失败:15862 | 速度:62.2张/秒 | ETA:0.8分钟
进度: 17000/20000 (85.0%) | 成功:38 跳过:1000 失败:15962 | 速度:62.2张/秒 | ETA:0.8分钟
进度: 17100/20000 (85.5%) | 成功:38 跳过:1000 失败:16062 | 速度:62.2张/秒 | ETA:0.8分钟
进度: 17200/20000 (86.0%) | 成功:38 跳过:1000 失败:16162 | 速度:62.1张/秒 | ETA:0.8分钟
进度: 17300/20000 (86.5%) | 成功:38 跳过:1000 失败:16262 | 速度:62.1张/秒 | ETA:0.7分钟
进度: 17400/20000 (87.0%) | 成功:38 跳过:1000 失败:16362 | 速度:62.1张/秒 | ETA:0.7分钟
进度: 17500/20000 (87.5%) | 成功:38 跳过:1000 失败:16462 | 速度:62.1张/秒 | ETA:0.7分钟
进度: 17600/20000 (88.0%) | 成功:38 跳过:1000 失败:16562 | 速度:62.0张/秒 | ETA:0.6分钟
进度: 17700/20000 (88.5%) | 成功:38 跳过:1000 失败:16662 | 速度:62.0张/秒 | ETA:0.6分钟
进度: 17800/20000 (89.0%) | 成功:38 跳过:1000 失败:16762 | 速度:62.0张/秒 | ETA:0.6分钟
进度: 17900/20000 (89.5%) | 成功:38 跳过:1000 失败:16862 | 速度:62.0张/秒 | ETA:0.6分钟
进度: 18000/20000 (90.0%) | 成功:38 跳过:1000 失败:16962 | 速度:62.0张/秒 | ETA:0.5分钟
进度: 18100/20000 (90.5%) | 成功:38 跳过:1000 失败:17062 | 速度:61.9张/秒 | ETA:0.5分钟
进度: 18200/20000 (91.0%) | 成功:38 跳过:1000 失败:17162 | 速度:61.9张/秒 | ETA:0.5分钟
进度: 18300/20000 (91.5%) | 成功:38 跳过:1000 失败:17262 | 速度:61.9张/秒 | ETA:0.5分钟
进度: 18400/20000 (92.0%) | 成功:38 跳过:1000 失败:17362 | 速度:61.8张/秒 | ETA:0.4分钟
进度: 18500/20000 (92.5%) | 成功:38 跳过:1000 失败:17462 | 速度:61.8张/秒 | ETA:0.4分钟
进度: 18600/20000 (93.0%) | 成功:38 跳过:1000 失败:17562 | 速度:61.8张/秒 | ETA:0.4分钟
进度: 18700/20000 (93.5%) | 成功:38 跳过:1000 失败:17662 | 速度:61.7张/秒 | ETA:0.4分钟
进度: 18800/20000 (94.0%) | 成功:38 跳过:1000 失败:17762 | 速度:61.7张/秒 | ETA:0.3分钟
进度: 18900/20000 (94.5%) | 成功:38 跳过:1000 失败:17862 | 速度:61.7张/秒 | ETA:0.3分钟
进度: 19000/20000 (95.0%) | 成功:38 跳过:1000 失败:17962 | 速度:61.6张/秒 | ETA:0.3分钟
进度: 19100/20000 (95.5%) | 成功:38 跳过:1000 失败:18062 | 速度:61.6张/秒 | ETA:0.2分钟
进度: 19200/20000 (96.0%) | 成功:38 跳过:1000 失败:18162 | 速度:61.6张/秒 | ETA:0.2分钟
进度: 19300/20000 (96.5%) | 成功:38 跳过:1000 失败:18262 | 速度:61.6张/秒 | ETA:0.2分钟
进度: 19400/20000 (97.0%) | 成功:38 跳过:1000 失败:18362 | 速度:61.5张/秒 | ETA:0.2分钟
进度: 19500/20000 (97.5%) | 成功:38 跳过:1000 失败:18462 | 速度:61.5张/秒 | ETA:0.1分钟
进度: 19600/20000 (98.0%) | 成功:38 跳过:1000 失败:18562 | 速度:61.4张/秒 | ETA:0.1分钟
进度: 19700/20000 (98.5%) | 成功:38 跳过:1000 失败:18662 | 速度:61.4张/秒 | ETA:0.1分钟
进度: 19800/20000 (99.0%) | 成功:38 跳过:1000 失败:18762 | 速度:61.4张/秒 | ETA:0.1分钟
进度: 19900/20000 (99.5%) | 成功:38 跳过:1000 失败:18862 | 速度:61.4张/秒 | ETA:0.0分钟
进度: 20000/20000 (100.0%) | 成功:38 跳过:1000 失败:18962 | 速度:61.4张/秒 | ETA:0.0分钟

======================================================================
下载完成！
======================================================================
总计尝试: 20000
✓ 成功下载: 38
⊙ 已存在跳过: 1000
✗ 下载失败: 18962
用时: 5.4 分钟
图片保存位置: /scratch/stats507f25s001_class_root/stats507f25s001_class/zhisheng/hf_cache/hateful_memes_images/
======================================================================

==========================================
任务结束时间: Thu Nov 27 23:47:27 EST 2025
退出代码: 0
==========================================
