==========================================
使用 Git LFS 下载完整数据集
==========================================
开始时间: Fri Nov 28 00:07:47 EST 2025
目标目录: /scratch/stats507f25s001_class_root/stats507f25s001_class/zhisheng/hf_cache/hateful_memes_full

安装 git-lfs...
Git LFS initialized.
✓ git-lfs 已安装

克隆数据集仓库（包含 LFS 文件）...
这将下载约 3-4 GB 数据...


==========================================
下载完成！检查结果...
==========================================
✓ 图片数量: 9664
✓ 图片大小: 3.2G
✓ 图片位置: /scratch/stats507f25s001_class_root/stats507f25s001_class/zhisheng/hf_cache/hateful_memes_full/img

验证图片文件（检查前3个文件）:
  ✓ 01235.png: 190492 bytes (真实图片)
  ✓ 01236.png: 621954 bytes (真实图片)
  ✓ 01243.png: 586028 bytes (真实图片)

==========================================
结束时间: Fri Nov 28 00:11:54 EST 2025
==========================================
