Pre-downloading dataset...
Cache directory: /scratch/stats507f25s001_class_root/stats507f25s001_class/zhisheng/hf_cache
Downloading Hateful Memes dataset...

Dataset loaded successfully!
Splits: ['train', 'validation', 'test']

train: 8500 samples
Features: {'id': Value('string'), 'img': Value('string'), 'label': Value('int64'), 'text': Value('string')}
First sample keys: ['id', 'img', 'label', 'text']
Image type: <class 'str'>
Text: its their character not their color that matters
Label: 0
Image value: img/42953.png

validation: 1040 samples
Features: {'id': Value('string'), 'img': Value('string'), 'label': Value('int64'), 'text': Value('string')}
First sample keys: ['id', 'img', 'label', 'text']
Image type: <class 'str'>
Text: white people is this a shooting range
Label: 1
Image value: img/08291.png

test: 3000 samples
Features: {'id': Value('string'), 'img': Value('string'), 'label': Value('int64'), 'text': Value('string')}
First sample keys: ['id', 'img', 'label', 'text']
Image type: <class 'str'>
Text: handjobs sold seperately
Label: 1
Image value: img/16395.png

✓ Dataset download complete!
==== Training vilt ====
HF_DATASETS_CACHE: /scratch/stats507f25s001_class_root/stats507f25s001_class/zhisheng/hf_cache
