The cache for model files in Transformers v4.22.0 has been updated. Migrating your old cache. This is a one-time only operation. You can interrupt this and resume the migration later on by calling `transformers.utils.move_cache()`.
0it [00:00, ?it/s]0it [00:00, ?it/s]
2025-11-27 20:19:42 - INFO - train - Using device cuda
/home/zhisheng/hm_env/lib/python3.10/site-packages/huggingface_hub/file_download.py:942: FutureWarning: `resume_download` is deprecated and will be removed in version 1.0.0. Downloads always resume when possible. If you want to force a new download, use `force_download=True`.
  warnings.warn(
Repo card metadata block was not found. Setting CardData to empty.
/sw/pkgs/arc/python/3.10.4/pytorch/2.0.1/lib/python3.10/site-packages/torch/utils/data/dataloader.py:560: UserWarning: This DataLoader will create 4 worker processes in total. Our suggested max number of worker in current system is 1, which is smaller than what this DataLoader is going to create. Please be aware that excessive worker creation might get DataLoader running slow or even freeze, lower the worker number to avoid potential slowness/freeze if necessary.
  warnings.warn(_create_warning_msg(
Repo card metadata block was not found. Setting CardData to empty.
Repo card metadata block was not found. Setting CardData to empty.
/sw/pkgs/arc/python/3.10.4/pytorch/2.0.1/lib/python3.10/site-packages/torch/_utils.py:776: UserWarning: TypedStorage is deprecated. It will be removed in the future and UntypedStorage will be the only storage class. This should only matter to you if you are using storages directly.  To access UntypedStorage directly, use tensor.untyped_storage() instead of tensor.storage()
  return self.fget.__get__(instance, owner)()
2025-11-27 20:19:58 - INFO - train - Epoch 1/5
Traceback (most recent call last):
  File "/sw/pkgs/arc/python/3.10.4/lib/python3.10/runpy.py", line 196, in _run_module_as_main
    return _run_code(code, main_globals, None,
  File "/sw/pkgs/arc/python/3.10.4/lib/python3.10/runpy.py", line 86, in _run_code
    exec(code, run_globals)
  File "/home/zhisheng/stats507/stats507-final-project/train/run_finetune.py", line 217, in <module>
    main()
  File "/home/zhisheng/stats507/stats507-final-project/train/run_finetune.py", line 168, in main
    train_stats = train_one_epoch(
  File "/home/zhisheng/stats507/stats507-final-project/train/loops.py", line 51, in train_one_epoch
    for step, batch in enumerate(dataloader, start=1):
  File "/sw/pkgs/arc/python/3.10.4/pytorch/2.0.1/lib/python3.10/site-packages/torch/utils/data/dataloader.py", line 633, in __next__
    data = self._next_data()
  File "/sw/pkgs/arc/python/3.10.4/pytorch/2.0.1/lib/python3.10/site-packages/torch/utils/data/dataloader.py", line 1345, in _next_data
    return self._process_data(data)
  File "/sw/pkgs/arc/python/3.10.4/pytorch/2.0.1/lib/python3.10/site-packages/torch/utils/data/dataloader.py", line 1371, in _process_data
    data.reraise()
  File "/sw/pkgs/arc/python/3.10.4/pytorch/2.0.1/lib/python3.10/site-packages/torch/_utils.py", line 644, in reraise
    raise exception
FileNotFoundError: Caught FileNotFoundError in DataLoader worker process 0.
Original Traceback (most recent call last):
  File "/sw/pkgs/arc/python/3.10.4/pytorch/2.0.1/lib/python3.10/site-packages/torch/utils/data/_utils/worker.py", line 308, in _worker_loop
    data = fetcher.fetch(index)
  File "/sw/pkgs/arc/python/3.10.4/pytorch/2.0.1/lib/python3.10/site-packages/torch/utils/data/_utils/fetch.py", line 51, in fetch
    data = [self.dataset[idx] for idx in possibly_batched_index]
  File "/sw/pkgs/arc/python/3.10.4/pytorch/2.0.1/lib/python3.10/site-packages/torch/utils/data/_utils/fetch.py", line 51, in <listcomp>
    data = [self.dataset[idx] for idx in possibly_batched_index]
  File "/home/zhisheng/stats507/stats507-final-project/data/datasets.py", line 107, in __getitem__
    image = _ensure_rgb(sample["img"])
  File "/home/zhisheng/stats507/stats507-final-project/data/datasets.py", line 37, in _ensure_rgb
    return Image.open(image).convert("RGB")
  File "/sw/pkgs/arc/python/3.10.4/pytorch/2.0.1/lib/python3.10/site-packages/PIL/Image.py", line 3218, in open
    fp = builtins.open(filename, "rb")
FileNotFoundError: [Errno 2] No such file or directory: 'img/91372.png'

