2025-11-29 00:40:07 - INFO - train - Using device cuda
2025-11-29 00:40:16 - INFO - train - Epoch 1/10
2025-11-29 00:56:09 - INFO - train - Train metrics: {
  "accuracy": 0.6934117647058824,
  "auroc": 0.7009660703279281,
  "macro_f1": 0.616830998097215,
  "loss": 0.5878124497357536
}
2025-11-29 00:57:56 - INFO - train - Val metrics: {
  "accuracy": 0.6326923076923077,
  "auroc": 0.6720086316496334,
  "macro_f1": 0.61203125,
  "loss": 0.661366573205361
}
2025-11-29 00:58:01 - INFO - train - Saved new best checkpoint with AUROC=0.6720
2025-11-29 00:58:01 - INFO - train - Epoch 2/10
2025-11-29 01:13:22 - INFO - train - Train metrics: {
  "accuracy": 0.8008235294117647,
  "auroc": 0.8622917230585905,
  "macro_f1": 0.7758539058109156,
  "loss": 0.43817160370770625
}
2025-11-29 01:15:03 - INFO - train - Val metrics: {
  "accuracy": 0.6201923076923077,
  "auroc": 0.68859286757133,
  "macro_f1": 0.5554069249592258,
  "loss": 0.7464828876348643
}
2025-11-29 01:15:09 - INFO - train - Saved new best checkpoint with AUROC=0.6886
2025-11-29 01:15:09 - INFO - train - Epoch 3/10
2025-11-29 01:30:06 - INFO - train - Train metrics: {
  "accuracy": 0.9165882352941176,
  "auroc": 0.9667801183032305,
  "macro_f1": 0.9081019579841207,
  "loss": 0.22291334753877975
}
2025-11-29 01:31:50 - INFO - train - Val metrics: {
  "accuracy": 0.6538461538461539,
  "auroc": 0.7162986520592596,
  "macro_f1": 0.6036837091140045,
  "loss": 1.0390005492247067
}
2025-11-29 01:31:56 - INFO - train - Saved new best checkpoint with AUROC=0.7163
2025-11-29 01:31:56 - INFO - train - Epoch 4/10
2025-11-29 01:47:12 - INFO - train - Train metrics: {
  "accuracy": 0.9674117647058823,
  "auroc": 0.9939870572187737,
  "macro_f1": 0.9643661291317299,
  "loss": 0.10225794542537016
}
2025-11-29 01:48:54 - INFO - train - Val metrics: {
  "accuracy": 0.6644230769230769,
  "auroc": 0.7251340206963418,
  "macro_f1": 0.6212850806396918,
  "loss": 1.7467415158565227
}
2025-11-29 01:49:01 - INFO - train - Saved new best checkpoint with AUROC=0.7251
2025-11-29 01:49:01 - INFO - train - Epoch 5/10
2025-11-29 02:04:23 - INFO - train - Train metrics: {
  "accuracy": 0.9867058823529412,
  "auroc": 0.998212621529317,
  "macro_f1": 0.985483022610317,
  "loss": 0.04836469299652997
}
2025-11-29 02:06:07 - INFO - train - Val metrics: {
  "accuracy": 0.6596153846153846,
  "auroc": 0.7070671631374236,
  "macro_f1": 0.6287212585720048,
  "loss": 2.0950435363329376
}
2025-11-29 02:06:07 - INFO - train - Epoch 6/10
2025-11-29 02:21:43 - INFO - train - Train metrics: {
  "accuracy": 0.9949411764705882,
  "auroc": 0.9993784121835201,
  "macro_f1": 0.9944766639049987,
  "loss": 0.020738900731591618
}
2025-11-29 02:23:34 - INFO - train - Val metrics: {
  "accuracy": 0.6653846153846154,
  "auroc": 0.7201089519411781,
  "macro_f1": 0.6308731677266961,
  "loss": 2.5332696712934055
}
2025-11-29 02:23:34 - INFO - train - Epoch 7/10
2025-11-29 02:38:45 - INFO - train - Train metrics: {
  "accuracy": 0.9978823529411764,
  "auroc": 0.99976361472518,
  "macro_f1": 0.9976887658916227,
  "loss": 0.00906179007361917
}
2025-11-29 02:40:29 - INFO - train - Val metrics: {
  "accuracy": 0.6903846153846154,
  "auroc": 0.7290574978024756,
  "macro_f1": 0.6761553309427935,
  "loss": 2.3214272774182834
}
2025-11-29 02:40:34 - INFO - train - Saved new best checkpoint with AUROC=0.7291
2025-11-29 02:40:34 - INFO - train - Epoch 8/10
2025-11-29 02:55:38 - INFO - train - Train metrics: {
  "accuracy": 0.9987058823529412,
  "auroc": 0.9999833505961363,
  "macro_f1": 0.9985870535570927,
  "loss": 0.004867971967248356
}
2025-11-29 02:57:17 - INFO - train - Val metrics: {
  "accuracy": 0.6788461538461539,
  "auroc": 0.719446865179518,
  "macro_f1": 0.6475291730086251,
  "loss": 2.628992511675908
}
2025-11-29 02:57:17 - INFO - train - Epoch 9/10
2025-11-29 03:12:08 - INFO - train - Train metrics: {
  "accuracy": 0.9994117647058823,
  "auroc": 0.9999031554639144,
  "macro_f1": 0.9993579427967519,
  "loss": 0.0023312125766978544
}
2025-11-29 03:13:48 - INFO - train - Val metrics: {
  "accuracy": 0.6836538461538462,
  "auroc": 0.7235853790116611,
  "macro_f1": 0.6567825470273914,
  "loss": 2.592842927345863
}
2025-11-29 03:13:48 - INFO - train - Epoch 10/10
2025-11-29 03:28:38 - INFO - train - Train metrics: {
  "accuracy": 0.9997647058823529,
  "auroc": 0.9999998791331843,
  "macro_f1": 0.9997431197806472,
  "loss": 0.0004774431481080897
}
2025-11-29 03:30:19 - INFO - train - Val metrics: {
  "accuracy": 0.6817307692307693,
  "auroc": 0.7225516936971604,
  "macro_f1": 0.6526333528086306,
  "loss": 2.7090277231656588
}
2025-11-29 03:30:19 - INFO - train - Evaluating best checkpoint on test split.
2025-11-29 03:35:28 - INFO - train - Test metrics: {
  "accuracy": 0.702,
  "auroc": 0.747817082111437,
  "macro_f1": 0.6848413631022328,
  "loss": 2.1713374567031862
}
2025-11-29 03:35:28 - INFO - train - Saved test predictions to logs/test_predictions.csv
2025-11-29 03:35:48 - INFO - train - Using device cuda
2025-11-29 03:36:00 - INFO - train - Epoch 1/10
2025-11-29 03:48:52 - INFO - train - Train metrics: {
  "accuracy": 0.6216470588235294,
  "auroc": 0.5664389777592368,
  "macro_f1": 0.5106661041546553,
  "loss": 0.6601102186932283
}
2025-11-29 03:50:10 - INFO - train - Val metrics: {
  "accuracy": 0.5740384615384615,
  "auroc": 0.5252366347129637,
  "macro_f1": 0.5199828297383098,
  "loss": 0.7012120246887207
}
2025-11-29 03:50:14 - INFO - train - Saved new best checkpoint with AUROC=0.5252
2025-11-29 03:50:14 - INFO - train - Epoch 2/10
2025-11-29 04:02:00 - INFO - train - Train metrics: {
  "accuracy": 0.689764705882353,
  "auroc": 0.7083828207401895,
  "macro_f1": 0.6223636405388424,
  "loss": 0.586896017186782
}
2025-11-29 04:03:18 - INFO - train - Val metrics: {
  "accuracy": 0.5788461538461539,
  "auroc": 0.5320461310365903,
  "macro_f1": 0.4249617499583416,
  "loss": 0.8496959672524379
}
2025-11-29 04:03:23 - INFO - train - Saved new best checkpoint with AUROC=0.5320
2025-11-29 04:03:23 - INFO - train - Epoch 3/10
2025-11-29 04:15:12 - INFO - train - Train metrics: {
  "accuracy": 0.7830588235294118,
  "auroc": 0.8529177762995765,
  "macro_f1": 0.7543011254306392,
  "loss": 0.4543532096638399
}
2025-11-29 04:16:30 - INFO - train - Val metrics: {
  "accuracy": 0.5586538461538462,
  "auroc": 0.5445786223313753,
  "macro_f1": 0.529471601813273,
  "loss": 0.8404719361892113
}
2025-11-29 04:16:34 - INFO - train - Saved new best checkpoint with AUROC=0.5446
2025-11-29 04:16:34 - INFO - train - Epoch 4/10
2025-11-29 04:28:37 - INFO - train - Train metrics: {
  "accuracy": 0.8852941176470588,
  "auroc": 0.95079826186267,
  "macro_f1": 0.8735841250399211,
  "loss": 0.27391768090865193
}
2025-11-29 04:29:57 - INFO - train - Val metrics: {
  "accuracy": 0.5365384615384615,
  "auroc": 0.5085505392894734,
  "macro_f1": 0.4900529397642328,
  "loss": 1.0793497168100796
}
2025-11-29 04:29:57 - INFO - train - Epoch 5/10
2025-11-29 04:41:47 - INFO - train - Train metrics: {
  "accuracy": 0.9443529411764706,
  "auroc": 0.9867604303076198,
  "macro_f1": 0.9392070111425286,
  "loss": 0.1417066664275001
}
2025-11-29 04:43:06 - INFO - train - Val metrics: {
  "accuracy": 0.5798076923076924,
  "auroc": 0.5188723021379178,
  "macro_f1": 0.5064286559824673,
  "loss": 1.473604560815371
}
2025-11-29 04:43:06 - INFO - train - Epoch 6/10
2025-11-29 04:54:48 - INFO - train - Train metrics: {
  "accuracy": 0.9749411764705882,
  "auroc": 0.9969217941542643,
  "macro_f1": 0.9726074606444253,
  "loss": 0.06766309033772525
}
2025-11-29 04:56:04 - INFO - train - Val metrics: {
  "accuracy": 0.5826923076923077,
  "auroc": 0.5195928637987558,
  "macro_f1": 0.5300761273342106,
  "loss": 1.7429682263961206
}
2025-11-29 04:56:04 - INFO - train - Epoch 7/10
2025-11-29 05:07:39 - INFO - train - Train metrics: {
  "accuracy": 0.9914117647058823,
  "auroc": 0.9996008071244219,
  "macro_f1": 0.9906231736061604,
  "loss": 0.024939361935152726
}
2025-11-29 05:08:55 - INFO - train - Val metrics: {
  "accuracy": 0.5711538461538461,
  "auroc": 0.520071980714601,
  "macro_f1": 0.5293353627600204,
  "loss": 2.0023206288997946
}
2025-11-29 05:08:55 - INFO - train - Epoch 8/10
2025-11-29 05:20:35 - INFO - train - Train metrics: {
  "accuracy": 0.9963529411764706,
  "auroc": 0.9999635888717682,
  "macro_f1": 0.996019245339862,
  "loss": 0.008854485624031547
}
2025-11-29 05:21:53 - INFO - train - Val metrics: {
  "accuracy": 0.5846153846153846,
  "auroc": 0.5263231360654316,
  "macro_f1": 0.5308740978348034,
  "loss": 2.3154304871192344
}
2025-11-29 05:21:53 - INFO - train - Epoch 9/10
2025-11-29 05:33:39 - INFO - train - Train metrics: {
  "accuracy": 0.9996470588235294,
  "auroc": 0.9999995165327372,
  "macro_f1": 0.9996147083559076,
  "loss": 0.0020409038908204393
}
2025-11-29 05:34:56 - INFO - train - Val metrics: {
  "accuracy": 0.5865384615384616,
  "auroc": 0.5279755235389764,
  "macro_f1": 0.5377089716712358,
  "loss": 2.409410049365117
}
2025-11-29 05:34:56 - INFO - train - Epoch 10/10
2025-11-29 05:46:41 - INFO - train - Train metrics: {
  "accuracy": 1.0,
  "auroc": 1.0,
  "macro_f1": 1.0,
  "loss": 0.000919068645021659
}
2025-11-29 05:47:59 - INFO - train - Val metrics: {
  "accuracy": 0.5798076923076924,
  "auroc": 0.5270210622814264,
  "macro_f1": 0.5285237527633666,
  "loss": 2.4716183084707994
}
2025-11-29 05:47:59 - INFO - train - Evaluating best checkpoint on test split.
2025-11-29 05:52:11 - INFO - train - Test metrics: {
  "accuracy": 0.5726666666666667,
  "auroc": 0.5583779325513196,
  "macro_f1": 0.5376138953396387,
  "loss": 0.8221045036315918
}
2025-11-29 05:52:11 - INFO - train - Saved test predictions to logs/test_predictions.csv
2025-11-28 11:43:15 - INFO - train - Saved test predictions to logs/test_predictions.csv
2025-11-28 16:00:59 - INFO - train - Using device cuda
2025-11-28 16:01:09 - INFO - train - Epoch 1/10
